

Started GET "/" for ::1 at 2020-03-03 15:21:57 -0500

Gem::LoadError (Specified 'sqlite3' for database adapter, but the gem is not loaded. Add `gem 'sqlite3'` to your Gemfile (and ensure its version is at the minimum required by ActiveRecord).):
  activerecord (4.2.10) lib/active_record/connection_adapters/connection_specification.rb:177:in `rescue in spec'
  activerecord (4.2.10) lib/active_record/connection_adapters/connection_specification.rb:174:in `spec'
  activerecord (4.2.10) lib/active_record/connection_handling.rb:50:in `establish_connection'
  activerecord (4.2.10) lib/active_record/railtie.rb:122:in `block (2 levels) in <class:Railtie>'
  activesupport (4.2.10) lib/active_support/lazy_load_hooks.rb:38:in `instance_eval'
  activesupport (4.2.10) lib/active_support/lazy_load_hooks.rb:38:in `execute_hook'
  activesupport (4.2.10) lib/active_support/lazy_load_hooks.rb:45:in `block in run_load_hooks'
  activesupport (4.2.10) lib/active_support/lazy_load_hooks.rb:44:in `each'
  activesupport (4.2.10) lib/active_support/lazy_load_hooks.rb:44:in `run_load_hooks'
  activerecord (4.2.10) lib/active_record/base.rb:315:in `<module:ActiveRecord>'
  activerecord (4.2.10) lib/active_record/base.rb:26:in `<top (required)>'
  activesupport (4.2.10) lib/active_support/dependencies.rb:274:in `require'
  activesupport (4.2.10) lib/active_support/dependencies.rb:274:in `block in require'
  activesupport (4.2.10) lib/active_support/dependencies.rb:240:in `load_dependency'
  activesupport (4.2.10) lib/active_support/dependencies.rb:274:in `require'
  activerecord (4.2.10) lib/active_record/migration.rb:383:in `connection'
  activerecord (4.2.10) lib/active_record/migration.rb:370:in `call'
  actionpack (4.2.10) lib/action_dispatch/middleware/callbacks.rb:29:in `block in call'
  activesupport (4.2.10) lib/active_support/callbacks.rb:88:in `__run_callbacks__'
  activesupport (4.2.10) lib/active_support/callbacks.rb:778:in `_run_call_callbacks'
  activesupport (4.2.10) lib/active_support/callbacks.rb:81:in `run_callbacks'
  actionpack (4.2.10) lib/action_dispatch/middleware/callbacks.rb:27:in `call'
  actionpack (4.2.10) lib/action_dispatch/middleware/reloader.rb:73:in `call'
  actionpack (4.2.10) lib/action_dispatch/middleware/remote_ip.rb:78:in `call'
  actionpack (4.2.10) lib/action_dispatch/middleware/debug_exceptions.rb:17:in `call'
  web-console (2.3.0) lib/web_console/middleware.rb:28:in `block in call'
  web-console (2.3.0) lib/web_console/middleware.rb:18:in `catch'
  web-console (2.3.0) lib/web_console/middleware.rb:18:in `call'
  actionpack (4.2.10) lib/action_dispatch/middleware/show_exceptions.rb:30:in `call'
  railties (4.2.10) lib/rails/rack/logger.rb:38:in `call_app'
  railties (4.2.10) lib/rails/rack/logger.rb:20:in `block in call'
  activesupport (4.2.10) lib/active_support/tagged_logging.rb:68:in `block in tagged'
  activesupport (4.2.10) lib/active_support/tagged_logging.rb:26:in `tagged'
  activesupport (4.2.10) lib/active_support/tagged_logging.rb:68:in `tagged'
  railties (4.2.10) lib/rails/rack/logger.rb:20:in `call'
  actionpack (4.2.10) lib/action_dispatch/middleware/request_id.rb:21:in `call'
  rack (1.6.13) lib/rack/methodoverride.rb:22:in `call'
  rack (1.6.13) lib/rack/runtime.rb:18:in `call'
  activesupport (4.2.10) lib/active_support/cache/strategy/local_cache_middleware.rb:28:in `call'
  rack (1.6.13) lib/rack/lock.rb:17:in `call'
  actionpack (4.2.10) lib/action_dispatch/middleware/static.rb:120:in `call'
  rack (1.6.13) lib/rack/sendfile.rb:113:in `call'
  railties (4.2.10) lib/rails/engine.rb:518:in `call'
  railties (4.2.10) lib/rails/application.rb:165:in `call'
  rack (1.6.13) lib/rack/lock.rb:17:in `call'
  rack (1.6.13) lib/rack/content_length.rb:15:in `call'
  rack (1.6.13) lib/rack/handler/webrick.rb:88:in `service'
  /Users/yajiezhao/.rbenv/versions/2.4.0/lib/ruby/2.4.0/webrick/httpserver.rb:140:in `service'
  /Users/yajiezhao/.rbenv/versions/2.4.0/lib/ruby/2.4.0/webrick/httpserver.rb:96:in `run'
  /Users/yajiezhao/.rbenv/versions/2.4.0/lib/ruby/2.4.0/webrick/server.rb:290:in `block in start_thread'


  Rendered /Users/yajiezhao/.rbenv/versions/2.4.0/lib/ruby/gems/2.4.0/gems/actionpack-4.2.10/lib/action_dispatch/middleware/templates/rescues/_source.erb (7.3ms)
  Rendered /Users/yajiezhao/.rbenv/versions/2.4.0/lib/ruby/gems/2.4.0/gems/actionpack-4.2.10/lib/action_dispatch/middleware/templates/rescues/_trace.html.erb (1.9ms)
  Rendered /Users/yajiezhao/.rbenv/versions/2.4.0/lib/ruby/gems/2.4.0/gems/actionpack-4.2.10/lib/action_dispatch/middleware/templates/rescues/_request_and_response.html.erb (0.8ms)
  Rendered /Users/yajiezhao/.rbenv/versions/2.4.0/lib/ruby/gems/2.4.0/gems/actionpack-4.2.10/lib/action_dispatch/middleware/templates/rescues/diagnostics.html.erb within rescues/layout (233.1ms)
  Rendered /Users/yajiezhao/.rbenv/versions/2.4.0/lib/ruby/gems/2.4.0/gems/web-console-2.3.0/lib/web_console/templates/_markup.html.erb (0.4ms)
  Rendered /Users/yajiezhao/.rbenv/versions/2.4.0/lib/ruby/gems/2.4.0/gems/web-console-2.3.0/lib/web_console/templates/_inner_console_markup.html.erb within layouts/inlined_string (0.3ms)
  Rendered /Users/yajiezhao/.rbenv/versions/2.4.0/lib/ruby/gems/2.4.0/gems/web-console-2.3.0/lib/web_console/templates/_prompt_box_markup.html.erb within layouts/inlined_string (0.3ms)
  Rendered /Users/yajiezhao/.rbenv/versions/2.4.0/lib/ruby/gems/2.4.0/gems/web-console-2.3.0/lib/web_console/templates/style.css.erb within layouts/inlined_string (0.3ms)
  Rendered /Users/yajiezhao/.rbenv/versions/2.4.0/lib/ruby/gems/2.4.0/gems/web-console-2.3.0/lib/web_console/templates/console.js.erb within layouts/javascript (129.8ms)
  Rendered /Users/yajiezhao/.rbenv/versions/2.4.0/lib/ruby/gems/2.4.0/gems/web-console-2.3.0/lib/web_console/templates/main.js.erb within layouts/javascript (0.4ms)
  Rendered /Users/yajiezhao/.rbenv/versions/2.4.0/lib/ruby/gems/2.4.0/gems/web-console-2.3.0/lib/web_console/templates/error_page.js.erb within layouts/javascript (0.4ms)
  Rendered /Users/yajiezhao/.rbenv/versions/2.4.0/lib/ruby/gems/2.4.0/gems/web-console-2.3.0/lib/web_console/templates/index.html.erb (377.6ms)


Started GET "/" for ::1 at 2020-03-03 15:24:10 -0500
Processing by Rails::WelcomeController#index as HTML
  Rendered /Users/yajiezhao/.rbenv/versions/2.4.0/lib/ruby/gems/2.4.0/gems/railties-4.2.10/lib/rails/templates/rails/welcome/index.html.erb (2.8ms)
Completed 200 OK in 33ms (Views: 18.9ms | ActiveRecord: 0.0ms)


Started GET "/" for ::1 at 2020-03-05 15:59:38 -0500

ActiveRecord::PendingMigrationError (

Migrations are pending. To resolve this issue, run:

	bin/rake db:migrate RAILS_ENV=development

):
  activerecord (4.2.10) lib/active_record/migration.rb:392:in `check_pending!'
  activerecord (4.2.10) lib/active_record/migration.rb:373:in `call'
  actionpack (4.2.10) lib/action_dispatch/middleware/callbacks.rb:29:in `block in call'
  activesupport (4.2.10) lib/active_support/callbacks.rb:88:in `__run_callbacks__'
  activesupport (4.2.10) lib/active_support/callbacks.rb:778:in `_run_call_callbacks'
  activesupport (4.2.10) lib/active_support/callbacks.rb:81:in `run_callbacks'
  actionpack (4.2.10) lib/action_dispatch/middleware/callbacks.rb:27:in `call'
  actionpack (4.2.10) lib/action_dispatch/middleware/reloader.rb:73:in `call'
  actionpack (4.2.10) lib/action_dispatch/middleware/remote_ip.rb:78:in `call'
  actionpack (4.2.10) lib/action_dispatch/middleware/debug_exceptions.rb:17:in `call'
  web-console (2.3.0) lib/web_console/middleware.rb:28:in `block in call'
  web-console (2.3.0) lib/web_console/middleware.rb:18:in `catch'
  web-console (2.3.0) lib/web_console/middleware.rb:18:in `call'
  actionpack (4.2.10) lib/action_dispatch/middleware/show_exceptions.rb:30:in `call'
  railties (4.2.10) lib/rails/rack/logger.rb:38:in `call_app'
  railties (4.2.10) lib/rails/rack/logger.rb:20:in `block in call'
  activesupport (4.2.10) lib/active_support/tagged_logging.rb:68:in `block in tagged'
  activesupport (4.2.10) lib/active_support/tagged_logging.rb:26:in `tagged'
  activesupport (4.2.10) lib/active_support/tagged_logging.rb:68:in `tagged'
  railties (4.2.10) lib/rails/rack/logger.rb:20:in `call'
  actionpack (4.2.10) lib/action_dispatch/middleware/request_id.rb:21:in `call'
  rack (1.6.13) lib/rack/methodoverride.rb:22:in `call'
  rack (1.6.13) lib/rack/runtime.rb:18:in `call'
  activesupport (4.2.10) lib/active_support/cache/strategy/local_cache_middleware.rb:28:in `call'
  rack (1.6.13) lib/rack/lock.rb:17:in `call'
  actionpack (4.2.10) lib/action_dispatch/middleware/static.rb:120:in `call'
  rack (1.6.13) lib/rack/sendfile.rb:113:in `call'
  railties (4.2.10) lib/rails/engine.rb:518:in `call'
  railties (4.2.10) lib/rails/application.rb:165:in `call'
  rack (1.6.13) lib/rack/lock.rb:17:in `call'
  rack (1.6.13) lib/rack/content_length.rb:15:in `call'
  rack (1.6.13) lib/rack/handler/webrick.rb:88:in `service'
  /Users/yajiezhao/.rbenv/versions/2.4.0/lib/ruby/2.4.0/webrick/httpserver.rb:140:in `service'
  /Users/yajiezhao/.rbenv/versions/2.4.0/lib/ruby/2.4.0/webrick/httpserver.rb:96:in `run'
  /Users/yajiezhao/.rbenv/versions/2.4.0/lib/ruby/2.4.0/webrick/server.rb:290:in `block in start_thread'


  Rendered /Users/yajiezhao/.rbenv/versions/2.4.0/lib/ruby/gems/2.4.0/gems/actionpack-4.2.10/lib/action_dispatch/middleware/templates/rescues/_source.erb (2.4ms)
  Rendered /Users/yajiezhao/.rbenv/versions/2.4.0/lib/ruby/gems/2.4.0/gems/actionpack-4.2.10/lib/action_dispatch/middleware/templates/rescues/_trace.html.erb (2.1ms)
  Rendered /Users/yajiezhao/.rbenv/versions/2.4.0/lib/ruby/gems/2.4.0/gems/actionpack-4.2.10/lib/action_dispatch/middleware/templates/rescues/_request_and_response.html.erb (0.9ms)
  Rendered /Users/yajiezhao/.rbenv/versions/2.4.0/lib/ruby/gems/2.4.0/gems/actionpack-4.2.10/lib/action_dispatch/middleware/templates/rescues/diagnostics.html.erb within rescues/layout (246.1ms)
  Rendered /Users/yajiezhao/.rbenv/versions/2.4.0/lib/ruby/gems/2.4.0/gems/web-console-2.3.0/lib/web_console/templates/_markup.html.erb (0.4ms)
  Rendered /Users/yajiezhao/.rbenv/versions/2.4.0/lib/ruby/gems/2.4.0/gems/web-console-2.3.0/lib/web_console/templates/_inner_console_markup.html.erb within layouts/inlined_string (0.3ms)
  Rendered /Users/yajiezhao/.rbenv/versions/2.4.0/lib/ruby/gems/2.4.0/gems/web-console-2.3.0/lib/web_console/templates/_prompt_box_markup.html.erb within layouts/inlined_string (0.3ms)
  Rendered /Users/yajiezhao/.rbenv/versions/2.4.0/lib/ruby/gems/2.4.0/gems/web-console-2.3.0/lib/web_console/templates/style.css.erb within layouts/inlined_string (0.5ms)
  Rendered /Users/yajiezhao/.rbenv/versions/2.4.0/lib/ruby/gems/2.4.0/gems/web-console-2.3.0/lib/web_console/templates/console.js.erb within layouts/javascript (149.4ms)
  Rendered /Users/yajiezhao/.rbenv/versions/2.4.0/lib/ruby/gems/2.4.0/gems/web-console-2.3.0/lib/web_console/templates/main.js.erb within layouts/javascript (0.3ms)
  Rendered /Users/yajiezhao/.rbenv/versions/2.4.0/lib/ruby/gems/2.4.0/gems/web-console-2.3.0/lib/web_console/templates/error_page.js.erb within layouts/javascript (0.5ms)
  Rendered /Users/yajiezhao/.rbenv/versions/2.4.0/lib/ruby/gems/2.4.0/gems/web-console-2.3.0/lib/web_console/templates/index.html.erb (354.5ms)
  [1m[36m (2.9ms)[0m  [1mCREATE TABLE "schema_migrations" ("version" varchar NOT NULL) [0m
  [1m[35m (0.1ms)[0m  select sqlite_version(*)
  [1m[36m (1.2ms)[0m  [1mCREATE UNIQUE INDEX "unique_schema_migrations" ON "schema_migrations" ("version")[0m
  [1m[35mActiveRecord::SchemaMigration Load (0.1ms)[0m  SELECT "schema_migrations".* FROM "schema_migrations"
Migrating to CreateDocuments (20200303122253)
  [1m[36m (0.1ms)[0m  [1mbegin transaction[0m
DEPRECATION WARNING: `#timestamps` was called without specifying an option for `null`. In Rails 5, this behavior will change to `null: false`. You should manually specify `null: true` to prevent the behavior of your existing migrations from changing. (called from block in change at /Users/yajiezhao/Desktop/UltimateCode/ultimateCode/db/migrate/20200303122253_create_documents.rb:9)
  [1m[35m (0.7ms)[0m  CREATE TABLE "document" ("id" INTEGER PRIMARY KEY AUTOINCREMENT NOT NULL, "name" varchar, "owner" varchar, "content" text, "created_at" datetime, "updated_at" datetime) 
  [1m[36mSQL (1.7ms)[0m  [1mINSERT INTO "schema_migrations" ("version") VALUES (?)[0m  [["version", "20200303122253"]]
  [1m[35m (1.1ms)[0m  commit transaction
  [1m[36mActiveRecord::SchemaMigration Load (0.1ms)[0m  [1mSELECT "schema_migrations".* FROM "schema_migrations"[0m


Started GET "/" for ::1 at 2020-03-05 16:00:18 -0500
  [1m[36mActiveRecord::SchemaMigration Load (0.1ms)[0m  [1mSELECT "schema_migrations".* FROM "schema_migrations"[0m
Processing by UltimatecodeController#index as HTML
  Rendered ultimatecode/index.html.haml within layouts/application (5.6ms)
Completed 200 OK in 477ms (Views: 461.8ms | ActiveRecord: 0.0ms)


Started GET "/assets/button.self-6c7334d5d67e714edb5b469492ce65f52cf6e492ca8f8ef63461a943bc25d7a2.css?body=1" for ::1 at 2020-03-05 16:00:19 -0500


Started GET "/assets/application.self-e80e8f2318043e8af94dddc2adad5a4f09739a8ebb323b3ab31cd71d45fd9113.css?body=1" for ::1 at 2020-03-05 16:00:19 -0500


Started GET "/assets/application.self-3b8dabdc891efe46b9a144b400ad69e37d7e5876bdc39dee783419a69d7ca819.js?body=1" for ::1 at 2020-03-05 16:00:19 -0500


Started GET "/assets/invite.self-aff6828654085ff131c3444289965bba6b2528a3639cd31bdc1bbd83cdf722a0.js?body=1" for ::1 at 2020-03-05 16:00:19 -0500


Started GET "/assets/jquery_ujs.self-784a997f6726036b1993eb2217c9cb558e1cbb801c6da88105588c56f13b466a.js?body=1" for ::1 at 2020-03-05 16:00:19 -0500


Started GET "/assets/turbolinks.self-569ee74eaa15c1e2019317ff770b8769b1ec033a0f572a485f64c82ddc8f989e.js?body=1" for ::1 at 2020-03-05 16:00:19 -0500


Started GET "/assets/jquery.self-bd7ddd393353a8d2480a622e80342adf488fb6006d667e8b42e4c0073393abee.js?body=1" for ::1 at 2020-03-05 16:00:19 -0500


Started GET "/documents/new?utf8=%E2%9C%93&commit=New+Document" for ::1 at 2020-03-05 16:00:21 -0500
Processing by DocumentsController#new as HTML
  Parameters: {"utf8"=>"✓", "commit"=>"New Document"}
  Rendered documents/new.html.haml within layouts/application (8.2ms)
Completed 200 OK in 71ms (Views: 69.9ms | ActiveRecord: 0.0ms)


Started GET "/documents/new?utf8=%E2%9C%93&commit=New+Document" for ::1 at 2020-03-05 16:00:43 -0500
Processing by DocumentsController#new as HTML
  Parameters: {"utf8"=>"✓", "commit"=>"New Document"}
  Rendered documents/new.html.haml within layouts/application (0.4ms)
Completed 200 OK in 47ms (Views: 45.9ms | ActiveRecord: 0.0ms)


Started GET "/" for ::1 at 2020-03-05 16:59:42 -0500
  [1m[36mActiveRecord::SchemaMigration Load (0.8ms)[0m  [1mSELECT "schema_migrations".* FROM "schema_migrations"[0m
Processing by UltimatecodeController#index as HTML
  Rendered ultimatecode/index.html.haml within layouts/application (6.4ms)
Completed 200 OK in 357ms (Views: 285.7ms | ActiveRecord: 0.0ms)


Started GET "/documents/new?utf8=%E2%9C%93&commit=New+Document" for ::1 at 2020-03-05 16:59:44 -0500
Processing by DocumentsController#new as HTML
  Parameters: {"utf8"=>"✓", "commit"=>"New Document"}
  Rendered documents/new.html.haml within layouts/application (5.9ms)
Completed 200 OK in 53ms (Views: 51.1ms | ActiveRecord: 0.0ms)
